# JRE version: OpenJDK Runtime Environment (8.0_242-b01) (build 1.8.0_242-release-1644-b01)
# Java VM: OpenJDK 64-Bit Server VM (25.242-b01 mixed mode windows-amd64 compressed oops)
Heap:
 PSYoungGen      total 318976K, used 210971K [0x00000000d5580000, 0x00000000eab00000, 0x0000000100000000)
  eden space 296960K, 63% used [0x00000000d5580000,0x00000000e0e0c7d0,0x00000000e7780000)
  from space 22016K, 99% used [0x00000000e9580000,0x00000000eaafa4e0,0x00000000eab00000)
  to   space 25600K, 0% used [0x00000000e7900000,0x00000000e7900000,0x00000000e9200000)
 ParOldGen       total 173056K, used 33239K [0x0000000080000000, 0x000000008a900000, 0x00000000d5580000)
  object space 173056K, 19% used [0x0000000080000000,0x0000000082075fb8,0x000000008a900000)
 Metaspace       used 72504K, capacity 76066K, committed 76312K, reserved 1116160K
  class space    used 9575K, capacity 10234K, committed 10288K, reserved 1048576K
GC Heap History (10 events):
Event: 10.428 GC heap before
{Heap before GC invocations=11 (full 2):
 PSYoungGen      total 184832K, used 184436K [0x00000000d5580000, 0x00000000e4080000, 0x0000000100000000)
  eden space 173568K, 100% used [0x00000000d5580000,0x00000000dff00000,0x00000000dff00000)
  from space 11264K, 96% used [0x00000000e3580000,0x00000000e401d158,0x00000000e4080000)
  to   space 12288K, 0% used [0x00000000e2880000,0x00000000e2880000,0x00000000e3480000)
 ParOldGen       total 129536K, used 14341K [0x0000000080000000, 0x0000000087e80000, 0x00000000d5580000)
  object space 129536K, 11% used [0x0000000080000000,0x0000000080e01690,0x0000000087e80000)
 Metaspace       used 55810K, capacity 58286K, committed 58408K, reserved 1099776K
  class space    used 7593K, capacity 8128K, committed 8240K, reserved 1048576K
Event: 10.446 GC heap after
Heap after GC invocations=11 (full 2):
 PSYoungGen      total 228352K, used 12256K [0x00000000d5580000, 0x00000000e5480000, 0x0000000100000000)
  eden space 216064K, 0% used [0x00000000d5580000,0x00000000d5580000,0x00000000e2880000)
  from space 12288K, 99% used [0x00000000e2880000,0x00000000e3478050,0x00000000e3480000)
  to   space 19456K, 0% used [0x00000000e4180000,0x00000000e4180000,0x00000000e5480000)
 ParOldGen       total 129536K, used 29684K [0x0000000080000000, 0x0000000087e80000, 0x00000000d5580000)
  object space 129536K, 22% used [0x0000000080000000,0x0000000081cfd250,0x0000000087e80000)
 Metaspace       used 55810K, capacity 58286K, committed 58408K, reserved 1099776K
  class space    used 7593K, capacity 8128K, committed 8240K, reserved 1048576K
}
Event: 10.560 GC heap before
{Heap before GC invocations=12 (full 2):
 PSYoungGen      total 228352K, used 27012K [0x00000000d5580000, 0x00000000e5480000, 0x0000000100000000)
  eden space 216064K, 6% used [0x00000000d5580000,0x00000000d63e8fb0,0x00000000e2880000)
  from space 12288K, 99% used [0x00000000e2880000,0x00000000e3478050,0x00000000e3480000)
  to   space 19456K, 0% used [0x00000000e4180000,0x00000000e4180000,0x00000000e5480000)
 ParOldGen       total 129536K, used 29684K [0x0000000080000000, 0x0000000087e80000, 0x00000000d5580000)
  object space 129536K, 22% used [0x0000000080000000,0x0000000081cfd250,0x0000000087e80000)
 Metaspace       used 56661K, capacity 59098K, committed 59160K, reserved 1099776K
  class space    used 7740K, capacity 8216K, committed 8240K, reserved 1048576K
Event: 10.582 GC heap after
Heap after GC invocations=12 (full 2):
 PSYoungGen      total 241664K, used 13424K [0x00000000d5580000, 0x00000000eaf80000, 0x0000000100000000)
  eden space 222208K, 0% used [0x00000000d5580000,0x00000000d5580000,0x00000000e2e80000)
  from space 19456K, 68% used [0x00000000e4180000,0x00000000e4e9c040,0x00000000e5480000)
  to   space 19456K, 0% used [0x00000000e2e80000,0x00000000e2e80000,0x00000000e4180000)
 ParOldGen       total 129536K, used 29692K [0x0000000080000000, 0x0000000087e80000, 0x00000000d5580000)
  object space 129536K, 22% used [0x0000000080000000,0x0000000081cff250,0x0000000087e80000)
 Metaspace       used 56661K, capacity 59098K, committed 59160K, reserved 1099776K
  class space    used 7740K, capacity 8216K, committed 8240K, reserved 1048576K
}
Event: 10.582 GC heap before
{Heap before GC invocations=13 (full 3):
 PSYoungGen      total 241664K, used 13424K [0x00000000d5580000, 0x00000000eaf80000, 0x0000000100000000)
  eden space 222208K, 0% used [0x00000000d5580000,0x00000000d5580000,0x00000000e2e80000)
  from space 19456K, 68% used [0x00000000e4180000,0x00000000e4e9c040,0x00000000e5480000)
  to   space 19456K, 0% used [0x00000000e2e80000,0x00000000e2e80000,0x00000000e4180000)
 ParOldGen       total 129536K, used 29692K [0x0000000080000000, 0x0000000087e80000, 0x00000000d5580000)
  object space 129536K, 22% used [0x0000000080000000,0x0000000081cff250,0x0000000087e80000)
 Metaspace       used 56661K, capacity 59098K, committed 59160K, reserved 1099776K
  class space    used 7740K, capacity 8216K, committed 8240K, reserved 1048576K
Event: 10.745 GC heap after
Heap after GC invocations=13 (full 3):
 PSYoungGen      total 241664K, used 0K [0x00000000d5580000, 0x00000000eaf80000, 0x0000000100000000)
  eden space 222208K, 0% used [0x00000000d5580000,0x00000000d5580000,0x00000000e2e80000)
  from space 19456K, 0% used [0x00000000e4180000,0x00000000e4180000,0x00000000e5480000)
  to   space 19456K, 0% used [0x00000000e2e80000,0x00000000e2e80000,0x00000000e4180000)
 ParOldGen       total 173056K, used 30271K [0x0000000080000000, 0x000000008a900000, 0x00000000d5580000)
  object space 173056K, 17% used [0x0000000080000000,0x0000000081d8fd70,0x000000008a900000)
 Metaspace       used 56562K, capacity 58762K, committed 59160K, reserved 1099776K
  class space    used 7709K, capacity 8160K, committed 8240K, reserved 1048576K
}
Event: 12.609 GC heap before
{Heap before GC invocations=14 (full 3):
 PSYoungGen      total 241664K, used 222208K [0x00000000d5580000, 0x00000000eaf80000, 0x0000000100000000)
  eden space 222208K, 100% used [0x00000000d5580000,0x00000000e2e80000,0x00000000e2e80000)
  from space 19456K, 0% used [0x00000000e4180000,0x00000000e4180000,0x00000000e5480000)
  to   space 19456K, 0% used [0x00000000e2e80000,0x00000000e2e80000,0x00000000e4180000)
 ParOldGen       total 173056K, used 30271K [0x0000000080000000, 0x000000008a900000, 0x00000000d5580000)
  object space 173056K, 17% used [0x0000000080000000,0x0000000081d8fd70,0x000000008a900000)
 Metaspace       used 64107K, capacity 67244K, committed 67480K, reserved 1107968K
  class space    used 8797K, capacity 9387K, committed 9392K, reserved 1048576K
Event: 12.620 GC heap after
Heap after GC invocations=14 (full 3):
 PSYoungGen      total 241664K, used 19453K [0x00000000d5580000, 0x00000000eab00000, 0x0000000100000000)
  eden space 222208K, 0% used [0x00000000d5580000,0x00000000d5580000,0x00000000e2e80000)
  from space 19456K, 99% used [0x00000000e2e80000,0x00000000e417f678,0x00000000e4180000)
  to   space 22016K, 0% used [0x00000000e9580000,0x00000000e9580000,0x00000000eab00000)
 ParOldGen       total 173056K, used 30388K [0x0000000080000000, 0x000000008a900000, 0x00000000d5580000)
  object space 173056K, 17% used [0x0000000080000000,0x0000000081dad3c8,0x000000008a900000)
 Metaspace       used 64107K, capacity 67244K, committed 67480K, reserved 1107968K
  class space    used 8797K, capacity 9387K, committed 9392K, reserved 1048576K
}
Event: 36.034 GC heap before
{Heap before GC invocations=15 (full 3):
 PSYoungGen      total 241664K, used 241661K [0x00000000d5580000, 0x00000000eab00000, 0x0000000100000000)
  eden space 222208K, 100% used [0x00000000d5580000,0x00000000e2e80000,0x00000000e2e80000)
  from space 19456K, 99% used [0x00000000e2e80000,0x00000000e417f678,0x00000000e4180000)
  to   space 22016K, 0% used [0x00000000e9580000,0x00000000e9580000,0x00000000eab00000)
 ParOldGen       total 173056K, used 30388K [0x0000000080000000, 0x000000008a900000, 0x00000000d5580000)
  object space 173056K, 17% used [0x0000000080000000,0x0000000081dad3c8,0x000000008a900000)
 Metaspace       used 68194K, capacity 71464K, committed 71704K, reserved 1112064K
  class space    used 9071K, capacity 9681K, committed 9776K, reserved 1048576K
Event: 36.050 GC heap after
Heap after GC invocations=15 (full 3):
 PSYoungGen      total 318976K, used 21993K [0x00000000d5580000, 0x00000000eab00000, 0x0000000100000000)
  eden space 296960K, 0% used [0x00000000d5580000,0x00000000d5580000,0x00000000e7780000)
  from space 22016K, 99% used [0x00000000e9580000,0x00000000eaafa4e0,0x00000000eab00000)
  to   space 25600K, 0% used [0x00000000e7900000,0x00000000e7900000,0x00000000e9200000)
 ParOldGen       total 173056K, used 33239K [0x0000000080000000, 0x000000008a900000, 0x00000000d5580000)
  object space 173056K, 19% used [0x0000000080000000,0x0000000082075fb8,0x000000008a900000)
 Metaspace       used 68194K, capacity 71464K, committed 71704K, reserved 1112064K
  class space    used 9071K, capacity 9681K, committed 9776K, reserved 1048576K
}

